400: {"error":"error parsing query: found ), expected ; at line 1, char 134"}
400: {"error":"error parsing query: found ), expected ; at line 1, char 134"}
400: {"error":"error parsing query: found ), expected ; at line 1, char 134"}
400: {"error":"error parsing query: found ), expected ; at line 1, char 134"}
400: {"error":"error parsing query: found ), expected ; at line 1, char 134"}
400: {"error":"error parsing query: found ), expected ; at line 1, char 134"}
400: {"error":"error parsing query: found ), expected ; at line 1, char 134"}
400: {"error":"error parsing query: found ), expected ; at line 1, char 134"}
400: {"error":"error parsing query: found ), expected ; at line 1, char 134"}
400: {"error":"error parsing query: found ), expected ; at line 1, char 134"}
400: {"error":"error parsing query: found ), expected ; at line 1, char 134"}
400: {"error":"error parsing query: found ), expected ; at line 1, char 134"}
400: {"error":"error parsing query: found ), expected ; at line 1, char 134"}
400: {"error":"error parsing query: found ), expected ; at line 1, char 134"}
400: {"error":"error parsing query: found ), expected ; at line 1, char 134"}
400: {"error":"error parsing query: found ), expected ; at line 1, char 134"}
400: {"error":"error parsing query: found ), expected ; at line 1, char 134"}
400: {"error":"error parsing query: found ), expected ; at line 1, char 134"}
400: {"error":"error parsing query: found ), expected ; at line 1, char 134"}
400: {"error":"error parsing query: found ), expected ; at line 1, char 134"}
400: {"error":"error parsing query: found ), expected ; at line 1, char 134"}
400: {"error":"error parsing query: found ), expected ; at line 1, char 134"}
400: {"error":"error parsing query: found ), expected ; at line 1, char 134"}
400: {"error":"error parsing query: found ), expected ; at line 1, char 134"}
400: {"error":"error parsing query: found ), expected ; at line 1, char 134"}
400: {"error":"error parsing query: found ), expected ; at line 1, char 134"}
400: {"error":"error parsing query: found ), expected ; at line 1, char 134"}
400: {"error":"error parsing query: found ), expected ; at line 1, char 134"}
400: {"error":"error parsing query: found ), expected ; at line 1, char 134"}
400: {"error":"error parsing query: found ), expected ; at line 1, char 134"}
400: {"error":"error parsing query: found ), expected ; at line 1, char 134"}
400: {"error":"error parsing query: found ), expected ; at line 1, char 134"}
400: {"error":"error parsing query: found ), expected ; at line 1, char 134"}
400: {"error":"error parsing query: found ), expected ; at line 1, char 134"}
400: {"error":"error parsing query: found ), expected ; at line 1, char 134"}
400: {"error":"error parsing query: found ), expected ; at line 1, char 134"}
400: {"error":"error parsing query: found ), expected ; at line 1, char 134"}
400: {"error":"error parsing query: found ), expected ; at line 1, char 134"}
400: {"error":"error parsing query: found ), expected ; at line 1, char 134"}
400: {"error":"error parsing query: found ), expected ; at line 1, char 134"}
400: {"error":"error parsing query: found ), expected ; at line 1, char 134"}
400: {"error":"error parsing query: found ), expected ; at line 1, char 134"}
400: {"error":"error parsing query: found ), expected ; at line 1, char 134"}
400: {"error":"error parsing query: found ), expected ; at line 1, char 134"}
400: {"error":"error parsing query: found ), expected ; at line 1, char 134"}
400: {"error":"error parsing query: found ), expected ; at line 1, char 134"}
400: {"error":"error parsing query: found ), expected ; at line 1, char 134"}
400: {"error":"error parsing query: found ), expected ; at line 1, char 134"}
400: {"error":"error parsing query: found ), expected ; at line 1, char 134"}
400: {"error":"error parsing query: found ), expected ; at line 1, char 134"}
400: {"error":"error parsing query: found ), expected ; at line 1, char 134"}
400: {"error":"error parsing query: found ), expected ; at line 1, char 134"}
400: {"error":"error parsing query: found ), expected ; at line 1, char 134"}
400: {"error":"error parsing query: found ), expected ; at line 1, char 134"}
400: {"error":"error parsing query: found ), expected ; at line 1, char 134"}
400: {"error":"error parsing query: found ), expected ; at line 1, char 134"}
400: {"error":"error parsing query: found ), expected ; at line 1, char 134"}
400: {"error":"error parsing query: found ), expected ; at line 1, char 134"}
400: {"error":"error parsing query: found ), expected ; at line 1, char 134"}
400: {"error":"error parsing query: found ), expected ; at line 1, char 134"}
400: {"error":"error parsing query: found ), expected ; at line 1, char 134"}
400: {"error":"error parsing query: found ), expected ; at line 1, char 134"}
400: {"error":"error parsing query: found ), expected ; at line 1, char 134"}
400: {"error":"error parsing query: found ), expected ; at line 1, char 134"}
400: {"error":"error parsing query: found ), expected ; at line 1, char 134"}
400: {"error":"error parsing query: found ), expected ; at line 1, char 134"}
400: {"error":"error parsing query: found ), expected ; at line 1, char 134"}
400: {"error":"error parsing query: found ), expected ; at line 1, char 109"}
400: {"error":"error parsing query: found ), expected ; at line 1, char 109"}
400: {"error":"error parsing query: found ), expected ; at line 1, char 109"}
400: {"error":"error parsing query: found ), expected ; at line 1, char 109"}
400: {"error":"error parsing query: found ), expected ; at line 1, char 109"}
400: {"error":"error parsing query: found ), expected ; at line 1, char 109"}
400: {"error":"error parsing query: found ), expected ; at line 1, char 109"}
400: {"error":"error parsing query: found ), expected ; at line 1, char 109"}
400: {"error":"error parsing query: found ), expected ; at line 1, char 109"}
400: {"error":"error parsing query: found ), expected ; at line 1, char 109"}
400: {"error":"error parsing query: found ), expected ; at line 1, char 109"}
400: {"error":"error parsing query: found ), expected ; at line 1, char 109"}
400: {"error":"error parsing query: found ), expected ; at line 1, char 109"}
400: {"error":"error parsing query: found ), expected ; at line 1, char 109"}
400: {"error":"error parsing query: found ), expected ; at line 1, char 109"}
400: {"error":"error parsing query: found ), expected ; at line 1, char 109"}
400: {"error":"error parsing query: found ), expected ; at line 1, char 109"}
400: {"error":"error parsing query: found ), expected ; at line 1, char 109"}
400: {"error":"error parsing query: found ), expected ; at line 1, char 109"}
400: {"error":"error parsing query: found ), expected ; at line 1, char 109"}
400: {"error":"error parsing query: found ), expected ; at line 1, char 109"}
400: {"error":"error parsing query: found ), expected ; at line 1, char 109"}
400: {"error":"error parsing query: found ), expected ; at line 1, char 109"}
400: {"error":"error parsing query: found ), expected ; at line 1, char 109"}
400: {"error":"error parsing query: found ), expected ; at line 1, char 109"}
400: {"error":"error parsing query: found ), expected ; at line 1, char 109"}
400: {"error":"error parsing query: found ), expected ; at line 1, char 109"}
400: {"error":"error parsing query: found ), expected ; at line 1, char 109"}
400: {"error":"error parsing query: found ), expected ; at line 1, char 109"}
400: {"error":"error parsing query: found ), expected ; at line 1, char 109"}
400: {"error":"error parsing query: found ), expected ; at line 1, char 109"}
400: {"error":"error parsing query: found ), expected ; at line 1, char 109"}
400: {"error":"error parsing query: found ), expected ; at line 1, char 109"}
400: {"error":"error parsing query: found ), expected ; at line 1, char 109"}
400: {"error":"error parsing query: found ), expected ; at line 1, char 109"}
400: {"error":"error parsing query: found ), expected ; at line 1, char 109"}
400: {"error":"error parsing query: found ), expected ; at line 1, char 109"}
400: {"error":"error parsing query: found ), expected ; at line 1, char 109"}
400: {"error":"error parsing query: found ), expected ; at line 1, char 109"}
400: {"error":"error parsing query: found ), expected ; at line 1, char 109"}
400: {"error":"error parsing query: found ), expected ; at line 1, char 109"}
400: {"error":"error parsing query: found ), expected ; at line 1, char 109"}
400: {"error":"error parsing query: found ), expected ; at line 1, char 109"}
400: {"error":"error parsing query: found ), expected ; at line 1, char 109"}
400: {"error":"error parsing query: found ), expected ; at line 1, char 109"}
400: {"error":"error parsing query: found ), expected ; at line 1, char 109"}
400: {"error":"error parsing query: found ), expected ; at line 1, char 109"}
400: {"error":"error parsing query: found ), expected ; at line 1, char 109"}
400: {"error":"error parsing query: found ), expected ; at line 1, char 109"}
400: {"error":"error parsing query: found ), expected ; at line 1, char 109"}
400: {"error":"error parsing query: found ), expected ; at line 1, char 109"}
400: {"error":"error parsing query: found ), expected ; at line 1, char 109"}
400: {"error":"error parsing query: found ), expected ; at line 1, char 109"}
400: {"error":"error parsing query: found ), expected ; at line 1, char 109"}
400: {"error":"error parsing query: found ), expected ; at line 1, char 109"}
400: {"error":"error parsing query: found ), expected ; at line 1, char 109"}
400: {"error":"error parsing query: found ), expected ; at line 1, char 109"}
400: {"error":"error parsing query: found ), expected ; at line 1, char 109"}
400: {"error":"error parsing query: found ), expected ; at line 1, char 109"}
400: {"error":"error parsing query: found ), expected ; at line 1, char 109"}
400: {"error":"error parsing query: found ), expected ; at line 1, char 109"}
400: {"error":"error parsing query: found ), expected ; at line 1, char 109"}
400: {"error":"error parsing query: found ), expected ; at line 1, char 109"}
400: {"error":"error parsing query: found ), expected ; at line 1, char 109"}
400: {"error":"error parsing query: found ), expected ; at line 1, char 109"}
400: {"error":"error parsing query: found ), expected ; at line 1, char 109"}
400: {"error":"error parsing query: found ), expected ; at line 1, char 109"}
400: {"error":"error parsing query: found ), expected ; at line 1, char 109"}
400: {"error":"error parsing query: found ), expected ; at line 1, char 109"}
400: {"error":"error parsing query: found ), expected ; at line 1, char 109"}
400: {"error":"error parsing query: found ), expected ; at line 1, char 109"}
400: {"error":"error parsing query: found ), expected ; at line 1, char 109"}
400: {"error":"error parsing query: found ), expected ; at line 1, char 109"}
400: {"error":"error parsing query: found ), expected ; at line 1, char 109"}
400: {"error":"error parsing query: found ), expected ; at line 1, char 109"}
400: {"error":"error parsing query: found ), expected ; at line 1, char 109"}
400: {"error":"error parsing query: found ), expected ; at line 1, char 109"}
400: {"error":"error parsing query: found ), expected ; at line 1, char 109"}
400: {"error":"error parsing query: found ), expected ; at line 1, char 109"}
400: {"error":"error parsing query: found ), expected ; at line 1, char 109"}
400: {"error":"error parsing query: found ), expected ; at line 1, char 109"}
400: {"error":"error parsing query: found ), expected ; at line 1, char 109"}
400: {"error":"error parsing query: found ), expected ; at line 1, char 109"}
400: {"error":"error parsing query: found ), expected ; at line 1, char 109"}
400: {"error":"error parsing query: found ), expected ; at line 1, char 109"}
400: {"error":"error parsing query: found ), expected ; at line 1, char 109"}
400: {"error":"error parsing query: found ), expected ; at line 1, char 109"}
400: {"error":"error parsing query: found ), expected ; at line 1, char 109"}
400: {"error":"error parsing query: found ), expected ; at line 1, char 109"}
400: {"error":"error parsing query: found ), expected ; at line 1, char 109"}
400: {"error":"error parsing query: found ), expected ; at line 1, char 109"}
400: {"error":"error parsing query: found ), expected ; at line 1, char 109"}
400: {"error":"error parsing query: found ), expected ; at line 1, char 109"}
400: {"error":"error parsing query: found ), expected ; at line 1, char 109"}
400: {"error":"error parsing query: found ), expected ; at line 1, char 109"}
400: {"error":"error parsing query: found ), expected ; at line 1, char 109"}
400: {"error":"error parsing query: found ), expected ; at line 1, char 109"}
400: {"error":"error parsing query: found ), expected ; at line 1, char 109"}
400: {"error":"error parsing query: found ), expected ; at line 1, char 109"}
400: {"error":"error parsing query: found ), expected ; at line 1, char 109"}
400: {"error":"error parsing query: found ), expected ; at line 1, char 109"}
400: {"error":"error parsing query: found ), expected ; at line 1, char 109"}
400: {"error":"error parsing query: found ), expected ; at line 1, char 109"}
400: {"error":"error parsing query: found ), expected ; at line 1, char 109"}
400: {"error":"error parsing query: found ), expected ; at line 1, char 109"}
400: {"error":"error parsing query: found ), expected ; at line 1, char 109"}
400: {"error":"error parsing query: found ), expected ; at line 1, char 109"}
400: {"error":"error parsing query: found ), expected ; at line 1, char 109"}
400: {"error":"error parsing query: found ), expected ; at line 1, char 109"}
400: {"error":"error parsing query: found ), expected ; at line 1, char 109"}
400: {"error":"error parsing query: found ), expected ; at line 1, char 109"}
400: {"error":"error parsing query: found ), expected ; at line 1, char 109"}
400: {"error":"error parsing query: found ), expected ; at line 1, char 109"}
400: {"error":"error parsing query: found ), expected ; at line 1, char 109"}
400: {"error":"error parsing query: found ), expected ; at line 1, char 109"}
400: {"error":"error parsing query: found ), expected ; at line 1, char 109"}
400: {"error":"error parsing query: found ), expected ; at line 1, char 109"}
400: {"error":"error parsing query: found ), expected ; at line 1, char 109"}
400: {"error":"error parsing query: found ), expected ; at line 1, char 109"}
400: {"error":"error parsing query: found ), expected ; at line 1, char 109"}
400: {"error":"error parsing query: found ), expected ; at line 1, char 109"}
400: {"error":"error parsing query: found ), expected ; at line 1, char 109"}
400: {"error":"error parsing query: found ), expected ; at line 1, char 109"}
400: {"error":"error parsing query: found ), expected ; at line 1, char 109"}
b''
b''
b''
b''
b''
b''
Replacement index 0 out of range for positional args tuple
'top'
'top'
'top'
'top'
'top'
'top'
'top'
'top'
'top'
'top'
'top'
'top'
'top'
'top'
int() argument must be a string, a bytes-like object or a number, not 'NoneType'
int() argument must be a string, a bytes-like object or a number, not 'NoneType'
int() argument must be a string, a bytes-like object or a number, not 'NoneType'
int() argument must be a string, a bytes-like object or a number, not 'NoneType'
int() argument must be a string, a bytes-like object or a number, not 'NoneType'
int() argument must be a string, a bytes-like object or a number, not 'NoneType'
'sum'
'sum'
'sum'
'sum'
'sum'
'sum'
'sum'
'sum'
'sum'
'sum'
'sum'
'sum'
'sum'
'sum'
unsupported operand type(s) for +=: 'int' and 'list'
'sum'
'sum'
unsupported operand type(s) for +=: 'int' and 'list'
'sum'
'sum'
'sum'
unsupported operand type(s) for +=: 'int' and 'list'
unsupported operand type(s) for +=: 'int' and 'list'
'sum'
'sum'
'sum'
'sum'
'sum'
'sum'
'sum'
'sum'
'sum'
'sum'
'sum'
'sum'
'sum'
'<' not supported between instances of 'NoneType' and 'int'
'<' not supported between instances of 'NoneType' and 'int'
'<' not supported between instances of 'NoneType' and 'int'
'<' not supported between instances of 'NoneType' and 'int'
'<' not supported between instances of 'NoneType' and 'int'
'<' not supported between instances of 'NoneType' and 'int'
'<' not supported between instances of 'NoneType' and 'int'
